[32m[2021-08-19 16:48:47,858] [    INFO][0m - Already cached /mnt/home/kwc/.paddlenlp/models/ernie-tiny/ernie_tiny.pdparams[0m
W0819 16:48:47.859890 34100 device_context.cc:404] Please NOTE: device: 0, GPU Compute Capability: 5.2, Driver API Version: 11.1, Runtime API Version: 10.2
W0819 16:48:47.864984 34100 device_context.cc:422] device: 0, cuDNN Version: 8.0.
[32m[2021-08-19 16:48:51,516] [    INFO][0m - Found /mnt/home/kwc/.paddlenlp/models/ernie-tiny/vocab.txt[0m
[32m[2021-08-19 16:48:51,528] [    INFO][0m - Found /mnt/home/kwc/.paddlenlp/models/ernie-tiny/spm_cased_simp_sampled.model[0m
[32m[2021-08-19 16:48:51,535] [    INFO][0m - Found /mnt/home/kwc/.paddlenlp/models/ernie-tiny/dict.wordseg.pickle[0m
Traceback (most recent call last):
  File "/mnt/home/kwc/venv/deepnet_examples10/lib/python3.7/site-packages/paddle/utils/lazy_import.py", line 32, in try_import
    mod = importlib.import_module(module_name)
  File "/tools/python/python3.7.9/lib/python3.7/importlib/__init__.py", line 127, in import_module
    return _bootstrap._gcd_import(name[level:], package, level)
  File "<frozen importlib._bootstrap>", line 1006, in _gcd_import
  File "<frozen importlib._bootstrap>", line 983, in _find_and_load
  File "<frozen importlib._bootstrap>", line 965, in _find_and_load_unlocked
ModuleNotFoundError: No module named 'sentencepiece'

During handling of the above exception, another exception occurred:

Traceback (most recent call last):
  File "fine_tune_ner.py", line 14, in <module>
    tokenizer=model.get_tokenizer(), max_seq_len=128, mode='train')
  File "/mnt/home/kwc/.paddlehub/modules/ernie_tiny/module.py", line 121, in get_tokenizer
    pretrained_model_name_or_path='ernie-tiny', *args, **kwargs)
  File "/mnt/home/kwc/venv/deepnet_examples10/lib/python3.7/site-packages/paddlenlp/transformers/tokenizer_utils.py", line 502, in from_pretrained
    tokenizer = cls(*init_args, **init_kwargs)
  File "/mnt/home/kwc/venv/deepnet_examples10/lib/python3.7/site-packages/paddlenlp/transformers/utils.py", line 83, in __impl__
    init_func(self, *args, **kwargs)
  File "/mnt/home/kwc/venv/deepnet_examples10/lib/python3.7/site-packages/paddlenlp/transformers/ernie/tokenizer.py", line 373, in __init__
    mod = try_import('sentencepiece')
  File "/mnt/home/kwc/venv/deepnet_examples10/lib/python3.7/site-packages/paddle/utils/lazy_import.py", line 40, in try_import
    raise ImportError(err_msg)
ImportError: Failed importing sentencepiece. This likely means that some paddle modules require additional dependencies that have to be manually installed (usually with `pip install sentencepiece`). 
